c:\users\marc\source\repos\chessgame\chessgame\x64\debug\vc143.pdb
c:\users\marc\source\repos\chessgame\chessgame\x64\debug\vc143.idb
c:\users\marc\source\repos\chessgame\chessgame\x64\debug\torre.obj
c:\users\marc\source\repos\chessgame\chessgame\x64\debug\reina.obj
c:\users\marc\source\repos\chessgame\chessgame\x64\debug\rei.obj
c:\users\marc\source\repos\chessgame\chessgame\x64\debug\pieza.obj
c:\users\marc\source\repos\chessgame\chessgame\x64\debug\peon.obj
c:\users\marc\source\repos\chessgame\chessgame\x64\debug\main.obj
c:\users\marc\source\repos\chessgame\chessgame\x64\debug\caballo.obj
c:\users\marc\source\repos\chessgame\chessgame\x64\debug\board.obj
c:\users\marc\source\repos\chessgame\chessgame\x64\debug\alfil.obj
c:\users\marc\source\repos\chessgame\x64\debug\chessgame.exe
c:\users\marc\source\repos\chessgame\x64\debug\chessgame.pdb
c:\users\marc\source\repos\chessgame\chessgame\x64\debug\chessgame.ilk
c:\users\marc\source\repos\chessgame\chessgame\x64\debug\chessgame.tlog\cl.command.1.tlog
c:\users\marc\source\repos\chessgame\chessgame\x64\debug\chessgame.tlog\cl.items.tlog
c:\users\marc\source\repos\chessgame\chessgame\x64\debug\chessgame.tlog\cl.read.1.tlog
c:\users\marc\source\repos\chessgame\chessgame\x64\debug\chessgame.tlog\cl.write.1.tlog
c:\users\marc\source\repos\chessgame\chessgame\x64\debug\chessgame.tlog\link.command.1.tlog
c:\users\marc\source\repos\chessgame\chessgame\x64\debug\chessgame.tlog\link.read.1.tlog
c:\users\marc\source\repos\chessgame\chessgame\x64\debug\chessgame.tlog\link.secondary.1.tlog
c:\users\marc\source\repos\chessgame\chessgame\x64\debug\chessgame.tlog\link.write.1.tlog
